<?xml version="1.0" encoding="UTF-8"?>
<!-- Generated by org.testng.reporters.JUnitXMLReporter -->
<testsuite ignored="0" hostname="LIN34004108" failures="1" tests="1" name="PurchaseTest" time="44.646" errors="0" timestamp="2021-02-08T15:15:18 IST">
  <testcase classname="com.mobile.test.PurchaseTest" name="purchase_Verification" time="17.151">
    <failure type="java.lang.AssertionError" message="Test case fail due to Can&amp;apos;t locate an element by this strategy: By.id: SkipSigninBtn">
      <![CDATA[java.lang.AssertionError: Test case fail due to Can't locate an element by this strategy: By.id: SkipSigninBtn
at com.mobile.test.PurchaseTest.purchase_Verification(PurchaseTest.java:48)
at java.base/java.util.ArrayList.forEach(ArrayList.java:1540)
... Removed 28 stack frames]]>
    </failure>
  </testcase> <!-- purchase_Verification -->
</testsuite> <!-- PurchaseTest -->
