<!DOCTYPE html PUBLIC "-//W3C//DTD XHTML 1.1//EN" "https://www.w3.org/TR/xhtml11/DTD/xhtml11.dtd">
<html xmlns="https://www.w3.org/1999/xhtml">
<head>
<meta http-equiv="content-type" content="text/html; charset=UTF-8"/>
<title>TestNG Report</title>
<style type="text/css">table {margin-bottom:10px;border-collapse:collapse;empty-cells:show}th,td {border:1px solid #009;padding:.25em .5em}th {vertical-align:bottom}td {vertical-align:top}table a {font-weight:bold}.stripe td {background-color: #E6EBF9}.num {text-align:right}.passedodd td {background-color: #3F3}.passedeven td {background-color: #0A0}.skippedodd td {background-color: #DDD}.skippedeven td {background-color: #CCC}.failedodd td,.attn {background-color: #F33}.failedeven td,.stripe .attn {background-color: #D00}.stacktrace {white-space:pre;font-family:monospace}.totop {font-size:85%;text-align:center;border-bottom:2px solid #000}.invisible {display:none}</style>
</head>
<body>
<table>
<tr><th>Test</th><th># Passed</th><th># Skipped</th><th># Retried</th><th># Failed</th><th>Time (ms)</th><th>Included Groups</th><th>Excluded Groups</th></tr>
<tr><th colspan="8">Test Suite</th></tr>
<tr><td><a href="#t0">LoginTest</a></td><td class="num">0</td><td class="num attn">1</td><td class="num">0</td><td class="num">0</td><td class="num">147</td><td></td><td></td></tr>
<tr class="stripe"><td><a href="#t1">PurchaseTest</a></td><td class="num">0</td><td class="num">0</td><td class="num">0</td><td class="num attn">1</td><td class="num">44,646</td><td></td><td></td></tr>
<tr><th>Total</th><th class="num">0</th><th class="num attn">1</th><th class="num">0</th><th class="num attn">1</th><th class="num">44,793</th><th colspan="2"></th></tr>
</table>
<table id='summary'><thead><tr><th>Class</th><th>Method</th><th>Start</th><th>Time (ms)</th></tr></thead><tbody><tr><th colspan="4">Test Suite</th></tr></tbody><tbody id="t0"><tr><th colspan="4">LoginTest &#8212; skipped</th></tr><tr class="skippedeven"><td rowspan="1">com.mobile.test.LoginTest</td><td><a href="#m0">login_Verification</a></td><td rowspan="1">1612777473447</td><td rowspan="1">0</td></tr></tbody>
<tbody id="t1"><tr><th colspan="4">PurchaseTest &#8212; failed</th></tr><tr class="failedeven"><td rowspan="1">com.mobile.test.PurchaseTest</td><td><a href="#m1">purchase_Verification</a></td><td rowspan="1">1612777498909</td><td rowspan="1">17151</td></tr></tbody>
</table>
<h2>LoginTest</h2><h3 id="m0">com.mobile.test.LoginTest#login_Verification</h3><table class="result"><tr><th>Exception</th></tr><tr><td><div class="stacktrace">java.lang.RuntimeException: java.lang.IncompatibleClassChangeError: Found interface org.apache.poi.util.POILogger, but class was expected
	at java.base/java.util.ArrayList.forEach(ArrayList.java:1540)
Caused by: java.lang.IncompatibleClassChangeError: Found interface org.apache.poi.util.POILogger, but class was expected
	at org.apache.poi.openxml4j.opc.PackageRelationshipCollection.parseRelationshipsPart(PackageRelationshipCollection.java:313)
	at org.apache.poi.openxml4j.opc.PackageRelationshipCollection.&lt;init&gt;(PackageRelationshipCollection.java:163)
	at org.apache.poi.openxml4j.opc.PackageRelationshipCollection.&lt;init&gt;(PackageRelationshipCollection.java:131)
	at org.apache.poi.openxml4j.opc.PackagePart.loadRelationships(PackagePart.java:559)
	at org.apache.poi.openxml4j.opc.PackagePart.&lt;init&gt;(PackagePart.java:112)
	at org.apache.poi.openxml4j.opc.PackagePart.&lt;init&gt;(PackagePart.java:83)
	at org.apache.poi.openxml4j.opc.PackagePart.&lt;init&gt;(PackagePart.java:128)
	at org.apache.poi.openxml4j.opc.ZipPackagePart.&lt;init&gt;(ZipPackagePart.java:78)
	at org.apache.poi.openxml4j.opc.ZipPackage.getPartsImpl(ZipPackage.java:243)
	at org.apache.poi.openxml4j.opc.OPCPackage.getParts(OPCPackage.java:673)
	at org.apache.poi.openxml4j.opc.OPCPackage.open(OPCPackage.java:274)
	at org.apache.poi.util.PackageHelper.open(PackageHelper.java:37)
	at org.apache.poi.xssf.usermodel.XSSFWorkbook.&lt;init&gt;(XSSFWorkbook.java:258)
	at com.mobile.utils.ReuseMethods.testData(ReuseMethods.java:125)
	at com.mobile.test.LoginTest.endUserData(LoginTest.java:65)
	... 25 more
... Removed 32 stack frames</div></td></tr></table><p class="totop"><a href="#summary">back to summary</a></p>
<h2>PurchaseTest</h2><h3 id="m1">com.mobile.test.PurchaseTest#purchase_Verification</h3><table class="result"><tr class="param"><th>Parameter #1</th><th>Parameter #2</th><th>Parameter #3</th><th>Parameter #4</th></tr><tr class="param stripe"><td>amazon</td><td>Android</td><td>11.0</td><td>emulator-5554</td></tr><tr><th colspan="4">Exception</th></tr><tr><td colspan="4"><div class="stacktrace">java.lang.AssertionError: Test case fail due to Can&apos;t locate an element by this strategy: By.id: SkipSigninBtn
	at com.mobile.test.PurchaseTest.purchase_Verification(PurchaseTest.java:48)
	at java.base/java.util.ArrayList.forEach(ArrayList.java:1540)
... Removed 28 stack frames</div></td></tr></table><p class="totop"><a href="#summary">back to summary</a></p>
</body>
</html>
